<?xml version="1.0" encoding="UTF-8"?>
<robot generator="Robot 3.1.2 (Python 3.7.3 on darwin)" generated="20200310 20:15:57.478" rpa="false">
<suite id="s1" name="Setup" source="/Users/pansa/Desktop/ScriptRobot/Setup.robot">
<test id="s1-t1" name="Test Basic">
<kw name="Hello GoogleTest">
<kw name="Open Browser" library="SeleniumLibrary">
<doc>Opens a new browser instance to the optional ``url``.</doc>
<arguments>
<arg>${URL}</arg>
<arg>headlesschrome</arg>
</arguments>
<msg timestamp="20200310 20:15:57.758" level="INFO">Opening browser 'headlesschrome' to base url 'https://www.google.com/'.</msg>
<status status="PASS" starttime="20200310 20:15:57.758" endtime="20200310 20:16:16.231"></status>
</kw>
<kw name="Wait Until Keyword Succeeds" library="BuiltIn">
<doc>Runs the specified keyword and retries if it fails.</doc>
<arguments>
<arg>30s</arg>
<arg>2s</arg>
<arg>Input Text</arg>
<arg>name=q</arg>
<arg>Test</arg>
</arguments>
<kw name="Input Text" library="SeleniumLibrary">
<doc>Types the given ``text`` into the text field identified by ``locator``.</doc>
<arguments>
<arg>name=q</arg>
<arg>Test</arg>
</arguments>
<msg timestamp="20200310 20:16:16.233" level="INFO">Typing text 'Test' into text field 'name=q'.</msg>
<status status="PASS" starttime="20200310 20:16:16.232" endtime="20200310 20:16:16.782"></status>
</kw>
<status status="PASS" starttime="20200310 20:16:16.232" endtime="20200310 20:16:16.782"></status>
</kw>
<kw name="Wait Until Keyword Succeeds" library="BuiltIn">
<doc>Runs the specified keyword and retries if it fails.</doc>
<arguments>
<arg>30s</arg>
<arg>2s</arg>
<arg>Click Element</arg>
<arg>name=btnK</arg>
</arguments>
<kw name="Click Element" library="SeleniumLibrary">
<doc>Click the element identified by ``locator``.</doc>
<arguments>
<arg>name=btnK</arg>
</arguments>
<msg timestamp="20200310 20:16:16.784" level="INFO">Clicking element 'name=btnK'.</msg>
<kw name="Capture Page Screenshot" library="SeleniumLibrary">
<doc>Takes a screenshot of the current page and embeds it into a log file.</doc>
<msg timestamp="20200310 20:16:17.173" level="INFO" html="yes">&lt;/td&gt;&lt;/tr&gt;&lt;tr&gt;&lt;td colspan="3"&gt;&lt;a href="selenium-screenshot-35.png"&gt;&lt;img src="selenium-screenshot-35.png" width="800px"&gt;&lt;/a&gt;</msg>
<status status="PASS" starttime="20200310 20:16:16.820" endtime="20200310 20:16:17.173"></status>
</kw>
<msg timestamp="20200310 20:16:17.179" level="FAIL">ElementNotInteractableException: Message: element not interactable
  (Session info: headless chrome=80.0.3987.132)
</msg>
<status status="FAIL" starttime="20200310 20:16:16.783" endtime="20200310 20:16:17.179"></status>
</kw>
<kw name="Click Element" library="SeleniumLibrary">
<doc>Click the element identified by ``locator``.</doc>
<arguments>
<arg>name=btnK</arg>
</arguments>
<msg timestamp="20200310 20:16:19.180" level="INFO">Clicking element 'name=btnK'.</msg>
<status status="PASS" starttime="20200310 20:16:19.180" endtime="20200310 20:16:28.824"></status>
</kw>
<status status="PASS" starttime="20200310 20:16:16.782" endtime="20200310 20:16:28.824"></status>
</kw>
<kw name="Wait Until Keyword Succeeds" library="BuiltIn">
<doc>Runs the specified keyword and retries if it fails.</doc>
<arguments>
<arg>30s</arg>
<arg>2s</arg>
<arg>Page Should Contain</arg>
<arg>Test</arg>
</arguments>
<kw name="Page Should Contain" library="SeleniumLibrary">
<doc>Verifies that current page contains ``text``.</doc>
<arguments>
<arg>Test</arg>
</arguments>
<msg timestamp="20200310 20:16:28.847" level="INFO">Current page contains text 'Test'.</msg>
<status status="PASS" starttime="20200310 20:16:28.825" endtime="20200310 20:16:28.847"></status>
</kw>
<status status="PASS" starttime="20200310 20:16:28.824" endtime="20200310 20:16:28.847"></status>
</kw>
<status status="PASS" starttime="20200310 20:15:57.757" endtime="20200310 20:16:28.848"></status>
</kw>
<kw name="Close Browser" library="SeleniumLibrary" type="teardown">
<doc>Closes the current browser.</doc>
<status status="PASS" starttime="20200310 20:16:28.848" endtime="20200310 20:16:28.921"></status>
</kw>
<status status="PASS" starttime="20200310 20:15:57.756" endtime="20200310 20:16:28.921" critical="yes"></status>
</test>
<status status="PASS" starttime="20200310 20:15:57.479" endtime="20200310 20:16:28.923"></status>
</suite>
<statistics>
<total>
<stat pass="1" fail="0">Critical Tests</stat>
<stat pass="1" fail="0">All Tests</stat>
</total>
<tag>
</tag>
<suite>
<stat pass="1" fail="0" id="s1" name="Setup">Setup</stat>
</suite>
</statistics>
<errors>
</errors>
</robot>
